<?xml version="1.0" encoding="UTF-8"?>
<!-- Generated by org.testng.reporters.JUnitReportReporter -->
<testsuite hostname="ajeybaskars-MacBook-Air.local" failures="0" tests="1" name="com.runners.TestRunner" time="0.133" errors="1" timestamp="2025-09-08T20:31:40 IST" skipped="0">
  <testcase classname="com.runners.TestRunner" name="setUpClass" time="0.133">
    <error message="Failed to parse resource at: file:///Users/pravali/Documents/GitHub/AutoZenRepo/src/test/resources/features/testrail.feature
(5:1): expected: #TagLine, #RuleLine, #Comment, #Empty, got &#039;Feature: Facebook Signup&#039;
(6:3): expected: #TagLine, #RuleLine, #Comment, #Empty, got &#039;Scenario: Complete signup process&#039;
(7:5): expected: #TagLine, #RuleLine, #Comment, #Empty, got &#039;Given User opens the Facebook signup page&#039;
(8:5): expected: #TagLine, #RuleLine, #Comment, #Empty, got &#039;When User enters first name &quot;John&quot;&#039;
(9:5): expected: #TagLine, #RuleLine, #Comment, #Empty, got &#039;And User enters last name &quot;Doe&quot;&#039;
(10:5): expected: #TagLine, #RuleLine, #Comment, #Empty, got &#039;And User enters mobile number or email &quot;john.doe@example.com&quot;&#039;
(11:5): expected: #TagLine, #RuleLine, #Comment, #Empty, got &#039;And User re-enters mobile number or email &quot;john.doe@example.com&quot;&#039;
(12:5): expected: #TagLine, #RuleLine, #Comment, #Empty, got &#039;And User enters a new password &quot;StrongPass@123&quot;&#039;
(13:5): expected: #TagLine, #RuleLine, #Comment, #Empty, got &#039;And User selects birth date &quot;10&quot; &quot;May&quot; &quot;1995&quot;&#039;
(14:5): expected: #TagLine, #RuleLine, #Comment, #Empty, got &#039;And User selects gender &quot;Male&quot;&#039;
(15:5): expected: #TagLine, #RuleLine, #Comment, #Empty, got &#039;And User clicks the Sign Up button&#039;" type="io.cucumber.core.gherkin.FeatureParserException">
      <![CDATA[io.cucumber.core.gherkin.FeatureParserException: Failed to parse resource at: file:///Users/pravali/Documents/GitHub/AutoZenRepo/src/test/resources/features/testrail.feature
(5:1): expected: #TagLine, #RuleLine, #Comment, #Empty, got 'Feature: Facebook Signup'
(6:3): expected: #TagLine, #RuleLine, #Comment, #Empty, got 'Scenario: Complete signup process'
(7:5): expected: #TagLine, #RuleLine, #Comment, #Empty, got 'Given User opens the Facebook signup page'
(8:5): expected: #TagLine, #RuleLine, #Comment, #Empty, got 'When User enters first name "John"'
(9:5): expected: #TagLine, #RuleLine, #Comment, #Empty, got 'And User enters last name "Doe"'
(10:5): expected: #TagLine, #RuleLine, #Comment, #Empty, got 'And User enters mobile number or email "john.doe@example.com"'
(11:5): expected: #TagLine, #RuleLine, #Comment, #Empty, got 'And User re-enters mobile number or email "john.doe@example.com"'
(12:5): expected: #TagLine, #RuleLine, #Comment, #Empty, got 'And User enters a new password "StrongPass@123"'
(13:5): expected: #TagLine, #RuleLine, #Comment, #Empty, got 'And User selects birth date "10" "May" "1995"'
(14:5): expected: #TagLine, #RuleLine, #Comment, #Empty, got 'And User selects gender "Male"'
(15:5): expected: #TagLine, #RuleLine, #Comment, #Empty, got 'And User clicks the Sign Up button'
at io.cucumber.core.gherkin.messages.GherkinMessagesFeatureParser.parse(GherkinMessagesFeatureParser.java:56)
at io.cucumber.core.feature.FeatureParser.parseResource(FeatureParser.java:46)
at java.base/java.util.function.BiFunction.lambda$andThen$0(BiFunction.java:70)
at io.cucumber.core.resource.ResourceScanner.lambda$processResource$1(ResourceScanner.java:79)
at io.cucumber.core.resource.PathScanner$ResourceFileVisitor.visitFile(PathScanner.java:75)
at io.cucumber.core.resource.PathScanner$ResourceFileVisitor.visitFile(PathScanner.java:60)
at java.base/java.nio.file.Files.walkFileTree(Files.java:2799)
at io.cucumber.core.resource.PathScanner.findResourcesForPath(PathScanner.java:53)
at io.cucumber.core.resource.PathScanner.findResourcesForUri(PathScanner.java:31)
at io.cucumber.core.resource.ResourceScanner.findResourcesForUri(ResourceScanner.java:61)
at io.cucumber.core.resource.ResourceScanner.scanForResourcesUri(ResourceScanner.java:134)
at io.cucumber.core.runtime.FeaturePathFeatureSupplier.loadFeatures(FeaturePathFeatureSupplier.java:62)
at io.cucumber.core.runtime.FeaturePathFeatureSupplier.get(FeaturePathFeatureSupplier.java:45)
at io.cucumber.testng.TestNGCucumberRunner.<init>(TestNGCucumberRunner.java:122)
at io.cucumber.testng.AbstractTestNGCucumberTests.setUpClass(AbstractTestNGCucumberTests.java:27)
at java.base/jdk.internal.reflect.DirectMethodHandleAccessor.invoke(DirectMethodHandleAccessor.java:103)
at java.base/java.lang.reflect.Method.invoke(Method.java:580)
at org.testng.internal.invokers.MethodInvocationHelper.invokeMethod(MethodInvocationHelper.java:141)
at org.testng.internal.invokers.MethodInvocationHelper.invokeMethodConsideringTimeout(MethodInvocationHelper.java:71)
at org.testng.internal.invokers.ConfigInvoker.invokeConfigurationMethod(ConfigInvoker.java:400)
at org.testng.internal.invokers.ConfigInvoker.invokeConfigurations(ConfigInvoker.java:333)
at org.testng.internal.invokers.TestMethodWorker.invokeBeforeClassMethods(TestMethodWorker.java:188)
at org.testng.internal.invokers.TestMethodWorker.run(TestMethodWorker.java:128)
at java.base/java.util.ArrayList.forEach(ArrayList.java:1596)
at org.testng.TestRunner.privateRun(TestRunner.java:739)
at org.testng.TestRunner.run(TestRunner.java:614)
at org.testng.SuiteRunner.runTest(SuiteRunner.java:421)
at org.testng.SuiteRunner.runSequentially(SuiteRunner.java:413)
at org.testng.SuiteRunner.privateRun(SuiteRunner.java:373)
at org.testng.SuiteRunner.run(SuiteRunner.java:312)
at org.testng.SuiteRunnerWorker.runSuite(SuiteRunnerWorker.java:52)
at org.testng.SuiteRunnerWorker.run(SuiteRunnerWorker.java:95)
at org.testng.TestNG.runSuitesSequentially(TestNG.java:1274)
at org.testng.TestNG.runSuitesLocally(TestNG.java:1208)
at org.testng.TestNG.runSuites(TestNG.java:1112)
at org.testng.TestNG.run(TestNG.java:1079)
at org.testng.remote.AbstractRemoteTestNG.run(AbstractRemoteTestNG.java:115)
at org.testng.remote.RemoteTestNG.initAndRun(RemoteTestNG.java:293)
at org.testng.remote.RemoteTestNG.main(RemoteTestNG.java:91)
]]>
    </error>
  </testcase> <!-- setUpClass -->
</testsuite> <!-- com.runners.TestRunner -->
